feb 21, 2022 12:21:26 AM com.ti.eps.pxconnect.ApplicationMain main
Información: Synthetica version: 2.18.0 Build 23
feb 21, 2022 12:21:26 AM com.ti.et.navnetcommproxy.NavNetCommProxy <init>
Información: Calling NavNet.init( -c 0 -d 3 -l "C:\Users\luisd\OneDrive\Application Data\Texas Instruments\TI-Nspire Computer Link\logs\navnetlog.log" -r "C:\Program Files (x86)\TI Education\TI-Nspire Computer Link\jre\bin" )
feb 21, 2022 12:21:26 AM com.ti.eps.navnet.NavNet init
Información: ClientID6491: Client init: args = -c 0 -d 3 -l "C:\Users\luisd\OneDrive\Application Data\Texas Instruments\TI-Nspire Computer Link\logs\navnetlog.log" 
feb 21, 2022 12:21:26 AM com.ti.eps.navnet.NavNet init
Información: ClientID6491: Client init: logpath = C:\Users\luisd\OneDrive\Application Data\Texas Instruments\TI-Nspire Computer Link\logs\
feb 21, 2022 12:21:26 AM com.ti.eps.navnet.NavNet init
Información: ClientID6491: Client init: shutdown hook initiated.
feb 21, 2022 12:21:26 AM com.ti.eps.navnet.NavNet ConnectRMIServer
Información: ClientID6491: AppMux Client Trying to connect to Remote Navnet Server: //localhost:1099/RemoteNavnetServer
feb 21, 2022 12:21:26 AM com.ti.eps.navnet.NavNet ConnectRMIServer
Información: ClientID6491: Client: We got registry!
feb 21, 2022 12:21:30 AM com.ti.eps.navnet.NavNet ConnectRMIServer
Información: ClientID6491: ConnectionException, server is not started
feb 21, 2022 12:21:30 AM com.ti.eps.navnet.NavNet startRmiServerToConnect
Información: ClientID6491: Try to execute the server launcher...
feb 21, 2022 12:21:30 AM com.ti.eps.navnet.NavNet startRmiServerToConnect
Información: ClientID6491: -> Java.exe Path = C:\Program Files (x86)\TI Education\TI-Nspire Computer Link\jre\bin\java.exe
feb 21, 2022 12:21:30 AM com.ti.eps.navnet.NavNet startRmiServerToConnect
Información: ClientID6491: -> Navnet Jar Path = /C:/Program Files (x86)/TI Education/TI-Nspire Computer Link/lib/navnet.jar
feb 21, 2022 12:21:30 AM com.ti.eps.navnet.NavNet getExecArray
Información: ClientID6491:  Client init: exec[14]: [0]=C:\Program Files (x86)\TI Education\TI-Nspire Computer Link\jre\bin\java.exe [1]=-XX:ErrorFile=C:\Users\luisd\OneDrive\Application Data\Texas Instruments\TI-Nspire Computer Link\logs\NN-crash-20220221-002130.log [2]=-XX:OnError=ProcessCrash.bat [3]=-Djava.rmi.server.hostname=localhost [4]=-Djava.rmi.server.useLocalHostname=true [5]=-cp [6]=C:/Program Files (x86)/TI Education/TI-Nspire Computer Link/lib/navnet.jar [7]=com.ti.eps.navnet.server.RemoteNavnetServer [8]=-c [9]=0 [10]=-d [11]=3 [12]=-l [13]=C:\Users\luisd\OneDrive\Application Data\Texas Instruments\TI-Nspire Computer Link\logs\navnetlog.log
feb 21, 2022 12:21:30 AM com.ti.eps.navnet.NavNet startRmiServerToConnect
Información: ClientID6491:  AppMux Server has been launched on PC
feb 21, 2022 12:21:30 AM com.ti.eps.navnet.NavNet startRmiServerToConnect
Información: ClientID6491: Start threads to read Stdout and Stderr
feb 21, 2022 12:21:31 AM com.ti.eps.navnet.NavNet startRmiServerToConnect
Información: ClientID6491: Attempting to connect to server: //localhost:1099/RemoteNavnetServer
feb 21, 2022 12:21:31 AM com.ti.eps.navnet.NavNet startRmiServerToConnect
Información: ClientID6491: Client Lookup Success.  Client connected to Server: //localhost:1099/RemoteNavnetServer
feb 21, 2022 12:21:31 AM com.ti.eps.navnet.NavNet ConnectRMIServer
Información: ClientID6491: RMI Client successfully connected to RMI Navnet server
feb 21, 2022 12:21:31 AM com.ti.eps.navnet.NavNet init
Información: ClientID6491: Client init: calling remoteNavnetServer.init
feb 21, 2022 12:21:37 AM com.ti.eps.navnet.NavNet registerNotifyCallback
Información: ClientID6491: Client registerNotifyCallback: calling navnet register notify callback.
feb 21, 2022 12:21:37 AM com.ti.eps.navnet.NavNet registerNotifyCallback
Información: ClientID6491: Client registerNotifyCallback: register success.
feb 21, 2022 12:21:38 AM com.ti.et.lb.factory.LessonBundlePXFactory <init>
Grave: Running Lesson Bundle Factory with no  main frame or Device Instance
feb 21, 2022 12:21:39 AM com.ti.et.fileConverter.FileConverter <clinit>
Información: Path to store converted files: Documentos\TI-Nspire\File_Converter
feb 21, 2022 12:21:39 AM com.ti.eps.pxconnect.gui.deviceExplorer.FileTable <init>
Información: save to HH :false
feb 21, 2022 12:21:39 AM com.ti.eps.pxconnect.gui.deviceExplorer.FileTable <init>
Información: save to HH :false
feb 21, 2022 12:21:40 AM com.ti.eps.navnet.NavNet NodeNotifyCallback
Información: ClientID6491: Client NodeNotifyCallback: received notify event. ADD node handle = 444411288
feb 21, 2022 12:21:40 AM com.ti.eps.navnet.NavNet NodeNotifyCallback
Información: ClientID6491: Client NodeNotifyCallback: Calling application notify callback.
feb 21, 2022 12:21:40 AM com.ti.et.navnetcommproxy.NavNetCommProxy$NodeMap remove
Información: remove(NodeHandle)444411288
feb 21, 2022 12:21:40 AM com.ti.et.navnetcommproxy.NavNetCommProxy addNode
Información: ADDING NODE, DeviceId: 01 00 080 00 00 60 62 0d1 0d2 10 095 0fc 38 4e,  NodeHandle: 444411288, Cradle ID: 0
feb 21, 2022 12:21:40 AM com.ti.eps.pxconnect.util.webUpdate.UpgradeProxy UpgradeProxy
Información: Found proxy env var set to [naucmwebproxy.naucm.ext.ti.com:80]
feb 21, 2022 12:21:40 AM com.ti.eps.pxconnect.ApplicationMain$1 run
Información: Calling UpgradeAPI.autoUpgrade
feb 21, 2022 12:21:40 AM com.ti.et.utils.upgrade.connections.JsonSoftwareUpdateConnection <clinit>
Información: Connecting to http://education.ti.com/Services/Notifications/Update.svc/NspireUpdate
feb 21, 2022 12:21:40 AM com.ti.et.utils.upgrade.requests.JsonSoftwareUpdateRequest getRequest
Información: JSON request built successfully: {"languageCode":"es","currentVersion":"3.9.0.455","shortName":"SwWinCLink"}
feb 21, 2022 12:21:41 AM com.ti.et.utils.upgrade.connections.JsonSoftwareUpdateConnection askForUpdateInformation
Información: JSON Response from server: {"productName":"TI-Nspire Computer Link Software","shortName":"SwWinCLink","upToDate":true}

feb 21, 2022 12:21:41 AM com.ti.et.utils.upgrade.DefaultUpgradeHandler done
Información: 
feb 21, 2022 12:21:41 AM com.ti.et.utils.upgrade.UpgradeAPI$1 run
Información: Software is up to date, no upgrade needed.
feb 21, 2022 12:21:44 AM com.ti.et.utils.upgrade.UpgradeAPI upgrade
Información:  Requesting an auto upgrade with Auto Flag property set to false
feb 21, 2022 12:21:44 AM com.ti.et.utils.upgrade.UpgradeAPI upgrade
Información: Not performing upgrade process..., notifying done to handler
feb 21, 2022 12:21:44 AM com.ti.et.utils.upgrade.DefaultUpgradeHandler done
Información: 
feb 21, 2022 12:37:19 AM com.ti.et.navnetcommproxy.NavNetCommProxy shutdown
Información: Calling NavNet.shutdown...
feb 21, 2022 12:37:19 AM com.ti.eps.navnet.NavNet shutdown
Información: ClientID6491: Client shutdown...
feb 21, 2022 12:37:19 AM com.ti.eps.navnet.NavNet shutdown
Información: ClientID6491: Client shutdown: remoteNavnetServer.shutdown...
feb 21, 2022 12:37:21 AM com.ti.eps.navnet.NavNet shutdown
Información: ClientID6491: Client shutdown: remoteNavnetServer.shutdown success -- Last Client Shutdown -- Server will exit
