2022/03/06 00:35:01.884 INFO [com.ti.eps.navnet.NavNet init]: ClientID9902: Client init: args = -c 0 -d 3 -l "C:\Users\luisd\OneDrive\Application Data\Texas Instruments\TI-Nspire Computer Link\logs\navnetlog.log" 
2022/03/06 00:35:01.888 INFO [com.ti.eps.navnet.NavNet init]: ClientID9902: Client init: logpath = C:\Users\luisd\OneDrive\Application Data\Texas Instruments\TI-Nspire Computer Link\logs\
2022/03/06 00:35:01.891 INFO [com.ti.eps.navnet.NavNet init]: ClientID9902: Client init: shutdown hook initiated.
2022/03/06 00:35:01.892 INFO [com.ti.eps.navnet.NavNet ConnectRMIServer]: ClientID9902: AppMux Client Trying to connect to Remote Navnet Server: //localhost:1099/RemoteNavnetServer
2022/03/06 00:35:01.951 INFO [com.ti.eps.navnet.NavNet ConnectRMIServer]: ClientID9902: Client: We got registry!
2022/03/06 00:35:05.984 INFO [com.ti.eps.navnet.NavNet ConnectRMIServer]: ClientID9902: ConnectionException, server is not started
2022/03/06 00:35:05.987 INFO [com.ti.eps.navnet.NavNet startRmiServerToConnect]: ClientID9902: Try to execute the server launcher...
2022/03/06 00:35:05.995 INFO [com.ti.eps.navnet.NavNet startRmiServerToConnect]: ClientID9902: -> Java.exe Path = C:\Program Files (x86)\TI Education\TI-Nspire Computer Link\jre\bin\java.exe
2022/03/06 00:35:05.998 INFO [com.ti.eps.navnet.NavNet startRmiServerToConnect]: ClientID9902: -> Navnet Jar Path = /C:/Program Files (x86)/TI Education/TI-Nspire Computer Link/lib/navnet.jar
2022/03/06 00:35:06.002 INFO [com.ti.eps.navnet.NavNet getExecArray]: ClientID9902:  Client init: exec[14]: [0]=C:\Program Files (x86)\TI Education\TI-Nspire Computer Link\jre\bin\java.exe [1]=-XX:ErrorFile=C:\Users\luisd\OneDrive\Application Data\Texas Instruments\TI-Nspire Computer Link\logs\NN-crash-20220306-003506.log [2]=-XX:OnError=ProcessCrash.bat [3]=-Djava.rmi.server.hostname=localhost [4]=-Djava.rmi.server.useLocalHostname=true [5]=-cp [6]=C:/Program Files (x86)/TI Education/TI-Nspire Computer Link/lib/navnet.jar [7]=com.ti.eps.navnet.server.RemoteNavnetServer [8]=-c [9]=0 [10]=-d [11]=3 [12]=-l [13]=C:\Users\luisd\OneDrive\Application Data\Texas Instruments\TI-Nspire Computer Link\logs\navnetlog.log
2022/03/06 00:35:06.335 INFO [com.ti.eps.navnet.NavNet startRmiServerToConnect]: ClientID9902:  AppMux Server has been launched on PC
2022/03/06 00:35:06.336 INFO [com.ti.eps.navnet.NavNet startRmiServerToConnect]: ClientID9902: Start threads to read Stdout and Stderr
2022/03/06 00:35:07.343 INFO [com.ti.eps.navnet.NavNet startRmiServerToConnect]: ClientID9902: Attempting to connect to server: //localhost:1099/RemoteNavnetServer
2022/03/06 00:35:07.387 INFO [com.ti.eps.navnet.NavNet startRmiServerToConnect]: ClientID9902: Client Lookup Success.  Client connected to Server: //localhost:1099/RemoteNavnetServer
2022/03/06 00:35:07.388 INFO [com.ti.eps.navnet.NavNet ConnectRMIServer]: ClientID9902: RMI Client successfully connected to RMI Navnet server
2022/03/06 00:35:07.388 INFO [com.ti.eps.navnet.NavNet init]: ClientID9902: Client init: calling remoteNavnetServer.init
2022/03/06 00:35:12.509 INFO [com.ti.eps.navnet.NavNet registerNotifyCallback]: ClientID9902: Client registerNotifyCallback: calling navnet register notify callback.
2022/03/06 00:35:12.511 INFO [com.ti.eps.navnet.NavNet registerNotifyCallback]: ClientID9902: Client registerNotifyCallback: register success.
2022/03/06 00:36:35.992 INFO [com.ti.eps.navnet.NavNet shutdown]: ClientID9902: Client shutdown...
2022/03/06 00:36:35.995 INFO [com.ti.eps.navnet.NavNet shutdown]: ClientID9902: Client shutdown: remoteNavnetServer.shutdown...
2022/03/06 00:36:37.549 INFO [com.ti.eps.navnet.NavNet shutdown]: ClientID9902: Client shutdown: remoteNavnetServer.shutdown success -- Last Client Shutdown -- Server will exit
