2021/09/09 12:42:47.295 INFO [com.ti.eps.navnet.NavNet init]: ClientID8827: Client init: args = -c 0 -d 3 -l "C:\Users\luisd\OneDrive\Application Data\Texas Instruments\TI-Nspire Computer Link\logs\navnetlog.log" 
2021/09/09 12:42:47.296 INFO [com.ti.eps.navnet.NavNet init]: ClientID8827: Client init: logpath = C:\Users\luisd\OneDrive\Application Data\Texas Instruments\TI-Nspire Computer Link\logs\
2021/09/09 12:42:47.303 INFO [com.ti.eps.navnet.NavNet init]: ClientID8827: Client init: shutdown hook initiated.
2021/09/09 12:42:47.304 INFO [com.ti.eps.navnet.NavNet ConnectRMIServer]: ClientID8827: AppMux Client Trying to connect to Remote Navnet Server: //localhost:1099/RemoteNavnetServer
2021/09/09 12:42:47.333 INFO [com.ti.eps.navnet.NavNet ConnectRMIServer]: ClientID8827: Client: We got registry!
2021/09/09 12:42:51.395 INFO [com.ti.eps.navnet.NavNet ConnectRMIServer]: ClientID8827: ConnectionException, server is not started
2021/09/09 12:42:51.396 INFO [com.ti.eps.navnet.NavNet startRmiServerToConnect]: ClientID8827: Try to execute the server launcher...
2021/09/09 12:42:51.398 INFO [com.ti.eps.navnet.NavNet startRmiServerToConnect]: ClientID8827: -> Java.exe Path = C:\Program Files (x86)\TI Education\TI-Nspire Computer Link\jre\bin\java.exe
2021/09/09 12:42:51.398 INFO [com.ti.eps.navnet.NavNet startRmiServerToConnect]: ClientID8827: -> Navnet Jar Path = /C:/Program Files (x86)/TI Education/TI-Nspire Computer Link/lib/navnet.jar
2021/09/09 12:42:51.399 INFO [com.ti.eps.navnet.NavNet getExecArray]: ClientID8827:  Client init: exec[14]: [0]=C:\Program Files (x86)\TI Education\TI-Nspire Computer Link\jre\bin\java.exe [1]=-XX:ErrorFile=C:\Users\luisd\OneDrive\Application Data\Texas Instruments\TI-Nspire Computer Link\logs\NN-crash-20210909-124251.log [2]=-XX:OnError=ProcessCrash.bat [3]=-Djava.rmi.server.hostname=localhost [4]=-Djava.rmi.server.useLocalHostname=true [5]=-cp [6]=C:/Program Files (x86)/TI Education/TI-Nspire Computer Link/lib/navnet.jar [7]=com.ti.eps.navnet.server.RemoteNavnetServer [8]=-c [9]=0 [10]=-d [11]=3 [12]=-l [13]=C:\Users\luisd\OneDrive\Application Data\Texas Instruments\TI-Nspire Computer Link\logs\navnetlog.log
2021/09/09 12:42:51.436 INFO [com.ti.eps.navnet.NavNet startRmiServerToConnect]: ClientID8827:  AppMux Server has been launched on PC
2021/09/09 12:42:51.437 INFO [com.ti.eps.navnet.NavNet startRmiServerToConnect]: ClientID8827: Start threads to read Stdout and Stderr
2021/09/09 12:42:52.451 INFO [com.ti.eps.navnet.NavNet startRmiServerToConnect]: ClientID8827: Attempting to connect to server: //localhost:1099/RemoteNavnetServer
2021/09/09 12:42:52.472 INFO [com.ti.eps.navnet.NavNet startRmiServerToConnect]: ClientID8827: Client Lookup Success.  Client connected to Server: //localhost:1099/RemoteNavnetServer
2021/09/09 12:42:52.472 INFO [com.ti.eps.navnet.NavNet ConnectRMIServer]: ClientID8827: RMI Client successfully connected to RMI Navnet server
2021/09/09 12:42:52.473 INFO [com.ti.eps.navnet.NavNet init]: ClientID8827: Client init: calling remoteNavnetServer.init
2021/09/09 12:42:52.581 INFO [com.ti.eps.navnet.NavNet registerNotifyCallback]: ClientID8827: Client registerNotifyCallback: calling navnet register notify callback.
2021/09/09 12:42:52.583 INFO [com.ti.eps.navnet.NavNet registerNotifyCallback]: ClientID8827: Client registerNotifyCallback: register success.
2021/09/09 12:42:54.808 INFO [com.ti.eps.navnet.NavNet NodeNotifyCallback]: ClientID8827: Client NodeNotifyCallback: received notify event. ADD node handle = 439037072
2021/09/09 12:42:54.810 INFO [com.ti.eps.navnet.NavNet NodeNotifyCallback]: ClientID8827: Client NodeNotifyCallback: Calling application notify callback.
2021/09/09 12:43:14.236 INFO [com.ti.eps.navnet.NavNet shutdown]: ClientID8827: Client shutdown...
2021/09/09 12:43:14.237 INFO [com.ti.eps.navnet.NavNet shutdown]: ClientID8827: Client shutdown: remoteNavnetServer.shutdown...
2021/09/09 12:43:15.774 INFO [com.ti.eps.navnet.NavNet shutdown]: ClientID8827: Client shutdown: remoteNavnetServer.shutdown success -- Last Client Shutdown -- Server will exit
