2021/09/09 12:42:51.624 INFO [com.ti.eps.navnet.server.RemoteNavnetServer main]: Server main: mainArgs = -c 0 -d 3 -l "C:\Users\luisd\OneDrive\Application Data\Texas Instruments\TI-Nspire Computer Link\logs\navnetlog.log"
2021/09/09 12:42:51.695 INFO [com.ti.eps.navnet.server.RemoteNavnetServer main]: Server main: Registry created for port 1099.
2021/09/09 12:42:51.724 INFO [com.ti.eps.navnet.server.RemoteNavnetServer main]: Server main: Bindings finished -- AppMux Server is ready.
2021/09/09 12:42:52.479 INFO [com.ti.eps.navnet.server.RemoteNavnetServer init]: Server init: args = -c 0 -d 3 -l "C:\Users\luisd\OneDrive\Application Data\Texas Instruments\TI-Nspire Computer Link\logs\navnetlog.log" 
2021/09/09 12:42:52.479 INFO [com.ti.eps.navnet.server.RemoteNavnetServer init]: Server init: clientCount = 0
2021/09/09 12:42:52.479 INFO [com.ti.eps.navnet.server.RemoteNavnetServer init]: Server init: calling NavNet.init...
2021/09/09 12:42:52.580 INFO [com.ti.eps.navnet.server.RemoteNavnetServer init]: Server init: NavNet.init complete: clientCount = 1
2021/09/09 12:42:52.580 INFO [com.ti.eps.navnet.server.RemoteNavnetServer init]: Server init: Starting ping thread to check connections...
2021/09/09 12:42:52.581 INFO [com.ti.eps.navnet.server.RemoteNavnetServer init]: Server init: Started ping thread to check connections.
2021/09/09 12:42:52.582 INFO [com.ti.eps.navnet.server.RemoteNavnetServer registerNotifyCallback]: Server registerNotifyCallback: is called.
2021/09/09 12:42:52.582 INFO [com.ti.eps.navnet.server.RemoteNavnetServer registerNotifyCallback]: Server registerNotifyCallback: First client, register notify callback to navnet
2021/09/09 12:42:54.803 INFO [com.ti.eps.navnet.server.RemoteNavnetServer$2 nodeNotificationCallback]: Server Node Notify Callback is called. node handle = 439037072 event = 1
2021/09/09 12:42:54.804 INFO [com.ti.eps.navnet.server.RemoteNavnetServer$2 nodeNotificationCallback]: Server Send Node Notification to client. ADD node handle = 439037072
2021/09/09 12:43:14.237 INFO [com.ti.eps.navnet.server.RemoteNavnetServer unregisterNotifyCallback]: Server unregisterNotifyCallback: is called.
2021/09/09 12:43:14.237 INFO [com.ti.eps.navnet.server.RemoteNavnetServer unregisterNotifyCallback]: Server unregisterNotifyCallback: remove client from NodeNotify_ClientList.
2021/09/09 12:43:14.237 INFO [com.ti.eps.navnet.server.RemoteNavnetServer unregisterNotifyCallback]: Server unregisterNotifyCallback: Last client, unregister to navnet.
2021/09/09 12:43:14.238 INFO [com.ti.eps.navnet.server.RemoteNavnetServer shutdown]: Server shutdown...
2021/09/09 12:43:14.238 INFO [com.ti.eps.navnet.server.RemoteNavnetServer shutdown]: Server shutdown: clientCount = 0: Calling NavNet.shutdown...
2021/09/09 12:43:15.773 INFO [com.ti.eps.navnet.server.RemoteNavnetServer shutdown]: Server shutdown: NavNet.shutdown complete.
2021/09/09 12:43:15.774 INFO [com.ti.eps.navnet.server.RemoteNavnetServer pingClients]: No more clients, Shutdown Server.  clientCount = 0
2021/09/09 12:43:15.774 INFO [com.ti.eps.navnet.server.RemoteNavnetServer pingClients]: Server is about to exit.  Calling System.exit()...
