time,level,component,file,line,message,thread,reserved,src-addr,src-port,dst-addr,dst-port,sequence,payload-size,payload
00:21:36.758,3,"","connection_manager.c",71,"CM: init_conn_mgr: entered (NavStack: connection manager: 7/1/2008).",0x00001A54
00:21:36.759,3,"","ConnectionHandle.c",74,"TI_NN_CH_Init: Initialized.",0x00001A54
00:21:36.759,3,"","connection_manager.c",1940,"CM: RegisterNotifyCallback called.",0x00001A54
00:21:36.759,3,"","stream_manager.c",482,"CM: processLocalNodeRecvDeferredQueue: entered (NavStack: stream manager: 7/1/2008).;",0x000050CC
00:21:36.759,3,"","NodeHandle.c",70,"TI_NN_NH_Init: Registered NS Callback.",0x00001A54
00:21:36.759,3,"","NodeHandle.c",77,"TI_NN_NH_Init: Initialized.",0x00001A54
00:21:36.759,3,"","NavNetService.c",240,"TI_NN_SS_Init(): Initializing Services.",0x00001A54
00:21:36.759,2,"","NavnetAPI.c",69,"NavNet build-date: Apr 21 2014, 17:04:28",0x00001A54
00:21:36.759,3,"","NavStackRouter.c",110,"TI_NS_LoadConnectors Called.",0x00001A54
00:21:37.349,3,"","navstack.c",779,"found connector func ptr TI_CN_AppClose.",0x00001A54
00:21:37.874,3,"","navstack.c",779,"found connector func ptr TI_CN_AppClose.",0x00001A54
00:21:37.874,3,"","navstack.c",419,"Initializing 2 Connector(s).",0x00001A54
00:21:37.884,3,"","WirelessStack.c",101,"TI_WS_LoadConnectors(): Initializing 0 Connector(s).",0x00001A54
00:21:37.884,3,"","login.c",484,"TI_NN_LoginServicePrestart(): Start Login service.",0x00001A54
00:21:37.884,3,"","NavNetService.c",320,"TI_NN_SS_StartService(): Starting Service: LOGIN(0x4050)",0x00001A54
00:21:37.884,3,"","service_manager.c",273,"ns_TI_NS_StartService(): Starting server-side service: port 0x4050, '.NS_SVC.LOGIN' service.",0x00001A54
00:21:37.884,3,"","WS_Services.c",60,"WS_SV_addServiceToList(): service 0x4050 name=<.NS_SVC.LOGIN> ",0x00001A54
00:21:37.884,3,"","WirelessStack.c",312,"TI_WS_StartService(): added service 0x4050 <.NS_SVC.LOGIN>",0x00001A54
00:21:37.887,3,"","NodeHandle.c",431,"TI_NN_NH_RegisterNotifyCallback: Registered NodeHandle Callback.",0x00001A54
00:21:39.133,3,"","connection_manager.c",1494,"CM: _____ streamChangeCallback called: cnhp=1a0411a0",0x00003FE8
00:21:39.133,3,"","connection_manager.c",1509,"CM: StreamChangeCallback: Connector returned 0 entries",0x00003FE8
00:21:39.133,3,"","connection_manager.c",1522,"CM: StreamChangeCallback: 0 entries to be added...",0x00003FE8
00:21:39.133,3,"","connection_manager.c",1580,"CM: StreamChangeCallback: 0 entries to be removed...",0x00003FE8
00:21:39.603,3,"","connection_manager.c",1494,"CM: _____ streamChangeCallback called: cnhp=1a0411a0",0x00003FE8
00:21:39.603,3,"","connection_manager.c",1509,"CM: StreamChangeCallback: Connector returned 1 entries",0x00003FE8
00:21:39.603,3,"","connection_manager.c",1522,"CM: StreamChangeCallback: 1 entries to be added...",0x00003FE8
00:21:39.603,3,"","connection_manager.c",1563,"CM: _____ Adding stream: \\?\USB#VID_0451&PID_E012#6&278842ea&0&4#{c5b7f228-caff-42d5-a472-6b9eda7982ec}, type = 1",0x00003FE8
00:21:39.604,3,"","connection_manager.c",1767,"CM: _____ Assigned stream \\?\USB#VID_0451&PID_E012#6&278842ea&0&4#{c5b7f228-caff-42d5-a472-6b9eda7982ec} = addr 100.1",0x00003FE8
00:21:39.604,3,"","connection_manager.c",1580,"CM: StreamChangeCallback: 0 entries to be removed...",0x00003FE8
00:21:39.604,3,"","stream_manager.c",656,"Remote Stream (\\?\USB#VID_0451&PID_E012#6&278842ea&0&4#{c5b7f228-caff-42d5-a472-6b9eda7982ec}) RX buf: 0x1a7d3078: 100.1",0x00000EE4
00:21:40.120,3,"","internal_services.c",163,"IS: RECV ADDR PKT 0x1a7d42a0 from 100.1",0x00000EE4,,0.0:4003 0.0:4003 [seq=1] [siz=2]: 0f ec
00:21:40.120,3,"","internal_services.c",178,"IS: processAddress: Requested max payload=4076 for 100.1 (\\?\USB#VID_0451&PID_E012#6&278842ea&0&4#{c5b7f228-caff-42d5-a472-6b9eda7982ec})",0x00000EE4
00:21:40.120,3,"","internal_services.c",210,"IS: processAddress: Assigned max payload=4076 for 100.1 (\\?\USB#VID_0451&PID_E012#6&278842ea&0&4#{c5b7f228-caff-42d5-a472-6b9eda7982ec})",0x00000EE4
00:21:40.120,3,"","navticks.c",37,"Time: 1645424500.120  DST: 0  Timezone: 21600;",0x00000EE4
00:21:40.120,3,"","stream_manager.c",1899,"NS: Send addr assign pkt 0x1a04ef90",0x00000EE4,,100.0:4003 100.1:4003 [seq=1] [siz=24]: 64 01 ff 00 00 00 0f ec 62 13 2f 74 00 00 00 78 00 00 54 60 00 00 00 00
00:21:40.120,3,"","internal_services.c",235,"IS: (ADDR TTL=0x0) ACK WINDOW SIZE = 1: 100.1",0x00000EE4
00:21:40.120,3,"","connection_manager.c",1918,"CM: node_notify_cb: 100.1, event_type 0x00000001, np 0x1A04B830 (\\?\USB#VID_0451&PID_E012#6&278842ea&0&4#{c5b7f228-caff-42d5-a472-6b9eda7982ec})",0x00000EE4
00:21:40.120,3,"","NodeHandle.c",131,"TI_NN_NH_CreateNode: Added Node for addr=100.1",0x00000EE4
00:21:40.150,3,"","nodeinfo.c",441,"TI_NN_GetNodeInfo:100.1 Get node information.",0x00001A54
00:21:40.150,3,"","service_manager.c",273,"ns_TI_NS_StartService(): Starting server-side service: port 0x8000, '100.0:0x8000::100.1:INFO' service.",0x00001A54
00:21:40.150,3,"","WS_Services.c",60,"WS_SV_addServiceToList(): service 0x8000 name=<100.0:0x8000::100.1:INFO> ",0x00001A54
00:21:40.150,3,"","WirelessStack.c",312,"TI_WS_StartService(): added service 0x8000 <100.0:0x8000::100.1:INFO>",0x00001A54
00:21:40.150,3,"","ConnectionHandle.c",268,"TI_NN_CH_ClientConnect: Client Connection: 100.0:0x8000::100.1:INFO",0x00001A54
00:21:40.237,3,"","ConnectionHandle.c",291,"TI_NN_CH_ClientDisconnect: Client Disconnect: 100.0:0x8000::100.1:INFO",0x00001A54
00:21:40.237,3,"","ConnectionHandle.c",823,"TI_NN_CH:sendEClosePacket(): To: 100.1:INFO",0x00001A54
00:21:40.241,3,"","service_manager.c",191,"ns_TI_NS_RemoveService(): port=0x8000, name=100.0:0x8000::100.1:INFO",0x00001A54
00:21:40.241,3,"","WirelessStack.c",350,"TI_WS_RemoveService(): removed service 0x8000 from list",0x00001A54
00:21:44.655,3,"","service_manager.c",269,"ns_TI_NS_StartService(): Starting client-side service request: port 0x8001, '100.0:0x8001::100.1:SYNC' service.",0x00001A54
00:21:44.655,3,"","WS_Services.c",60,"WS_SV_addServiceToList(): service 0x8001 name=<100.0:0x8001::100.1:SYNC> ",0x00001A54
00:21:44.655,3,"","WirelessStack.c",312,"TI_WS_StartService(): added service 0x8001 <100.0:0x8001::100.1:SYNC>",0x00001A54
00:21:44.655,3,"","ConnectionHandle.c",268,"TI_NN_CH_ClientConnect: Client Connection: 100.0:0x8001::100.1:SYNC",0x00001A54
00:21:44.665,3,"","sync.c",385,"TI_NN_GetFileAttributes(): [100.0:0x8001::100.1:SYNC]: remoteNodePath</>",0x00001A54
00:21:44.686,3,"","ConnectionHandle.c",291,"TI_NN_CH_ClientDisconnect: Client Disconnect: 100.0:0x8001::100.1:SYNC",0x00001A54
00:21:44.686,3,"","ConnectionHandle.c",823,"TI_NN_CH:sendEClosePacket(): To: 100.1:SYNC",0x00001A54
00:21:44.689,3,"","service_manager.c",191,"ns_TI_NS_RemoveService(): port=0x8001, name=100.0:0x8001::100.1:SYNC",0x00001A54
00:21:44.689,3,"","WirelessStack.c",350,"TI_WS_RemoveService(): removed service 0x8001 from list",0x00001A54
00:21:44.693,3,"","service_manager.c",269,"ns_TI_NS_StartService(): Starting client-side service request: port 0x8002, '100.0:0x8002::100.1:SYNC' service.",0x00001A54
00:21:44.693,3,"","WS_Services.c",60,"WS_SV_addServiceToList(): service 0x8002 name=<100.0:0x8002::100.1:SYNC> ",0x00001A54
00:21:44.693,3,"","WirelessStack.c",312,"TI_WS_StartService(): added service 0x8002 <100.0:0x8002::100.1:SYNC>",0x00001A54
00:21:44.693,3,"","ConnectionHandle.c",268,"TI_NN_CH_ClientConnect: Client Connection: 100.0:0x8002::100.1:SYNC",0x00001A54
00:21:44.694,3,"","sync.c",448,"TI_NN_DirEnumInit(): [100.0:0x8002::100.1:SYNC]: remoteFolder</>",0x00001A54
00:21:44.958,3,"","ConnectionHandle.c",291,"TI_NN_CH_ClientDisconnect: Client Disconnect: 100.0:0x8002::100.1:SYNC",0x00001A54
00:21:44.958,3,"","ConnectionHandle.c",823,"TI_NN_CH:sendEClosePacket(): To: 100.1:SYNC",0x00001A54
00:21:44.962,3,"","service_manager.c",191,"ns_TI_NS_RemoveService(): port=0x8002, name=100.0:0x8002::100.1:SYNC",0x00001A54
00:21:44.962,3,"","WirelessStack.c",350,"TI_WS_RemoveService(): removed service 0x8002 from list",0x00001A54
00:21:45.025,3,"","service_manager.c",269,"ns_TI_NS_StartService(): Starting client-side service request: port 0x8003, '100.0:0x8003::100.1:SYNC' service.",0x00001A54
00:21:45.025,3,"","WS_Services.c",60,"WS_SV_addServiceToList(): service 0x8003 name=<100.0:0x8003::100.1:SYNC> ",0x00001A54
00:21:45.025,3,"","WirelessStack.c",312,"TI_WS_StartService(): added service 0x8003 <100.0:0x8003::100.1:SYNC>",0x00001A54
00:21:45.025,3,"","ConnectionHandle.c",268,"TI_NN_CH_ClientConnect: Client Connection: 100.0:0x8003::100.1:SYNC",0x00001A54
00:21:45.027,3,"","sync.c",385,"TI_NN_GetFileAttributes(): [100.0:0x8003::100.1:SYNC]: remoteNodePath</>",0x00001A54
00:21:45.074,3,"","ConnectionHandle.c",291,"TI_NN_CH_ClientDisconnect: Client Disconnect: 100.0:0x8003::100.1:SYNC",0x00001A54
00:21:45.074,3,"","ConnectionHandle.c",823,"TI_NN_CH:sendEClosePacket(): To: 100.1:SYNC",0x00001A54
00:21:45.094,3,"","service_manager.c",191,"ns_TI_NS_RemoveService(): port=0x8003, name=100.0:0x8003::100.1:SYNC",0x00001A54
00:21:45.094,3,"","WirelessStack.c",350,"TI_WS_RemoveService(): removed service 0x8003 from list",0x00001A54
00:21:45.098,3,"","service_manager.c",269,"ns_TI_NS_StartService(): Starting client-side service request: port 0x8004, '100.0:0x8004::100.1:SYNC' service.",0x00001A54
00:21:45.098,3,"","WS_Services.c",60,"WS_SV_addServiceToList(): service 0x8004 name=<100.0:0x8004::100.1:SYNC> ",0x00001A54
00:21:45.098,3,"","WirelessStack.c",312,"TI_WS_StartService(): added service 0x8004 <100.0:0x8004::100.1:SYNC>",0x00001A54
00:21:45.098,3,"","ConnectionHandle.c",268,"TI_NN_CH_ClientConnect: Client Connection: 100.0:0x8004::100.1:SYNC",0x00001A54
00:21:45.098,3,"","sync.c",448,"TI_NN_DirEnumInit(): [100.0:0x8004::100.1:SYNC]: remoteFolder</>",0x00001A54
00:21:45.366,3,"","ConnectionHandle.c",291,"TI_NN_CH_ClientDisconnect: Client Disconnect: 100.0:0x8004::100.1:SYNC",0x00001A54
00:21:45.366,3,"","ConnectionHandle.c",823,"TI_NN_CH:sendEClosePacket(): To: 100.1:SYNC",0x00001A54
00:21:45.370,3,"","service_manager.c",191,"ns_TI_NS_RemoveService(): port=0x8004, name=100.0:0x8004::100.1:SYNC",0x00001A54
00:21:45.370,3,"","WirelessStack.c",350,"TI_WS_RemoveService(): removed service 0x8004 from list",0x00001A54
00:21:45.399,3,"","nodeinfo.c",441,"TI_NN_GetNodeInfo:100.1 Get node information.",0x00001A54
00:21:45.399,3,"","service_manager.c",269,"ns_TI_NS_StartService(): Starting client-side service request: port 0x8005, '100.0:0x8005::100.1:INFO' service.",0x00001A54
00:21:45.399,3,"","WS_Services.c",60,"WS_SV_addServiceToList(): service 0x8005 name=<100.0:0x8005::100.1:INFO> ",0x00001A54
00:21:45.399,3,"","WirelessStack.c",312,"TI_WS_StartService(): added service 0x8005 <100.0:0x8005::100.1:INFO>",0x00001A54
00:21:45.399,3,"","ConnectionHandle.c",268,"TI_NN_CH_ClientConnect: Client Connection: 100.0:0x8005::100.1:INFO",0x00001A54
00:21:45.533,3,"","ConnectionHandle.c",291,"TI_NN_CH_ClientDisconnect: Client Disconnect: 100.0:0x8005::100.1:INFO",0x00001A54
00:21:45.533,3,"","ConnectionHandle.c",823,"TI_NN_CH:sendEClosePacket(): To: 100.1:INFO",0x00001A54
00:21:45.536,3,"","service_manager.c",191,"ns_TI_NS_RemoveService(): port=0x8005, name=100.0:0x8005::100.1:INFO",0x00001A54
00:21:45.536,3,"","WirelessStack.c",350,"TI_WS_RemoveService(): removed service 0x8005 from list",0x00001A54
00:21:47.138,3,"","service_manager.c",269,"ns_TI_NS_StartService(): Starting client-side service request: port 0x8006, '100.0:0x8006::100.1:SCREEN_CAPTURE' service.",0x00001A54
00:21:47.138,3,"","WS_Services.c",60,"WS_SV_addServiceToList(): service 0x8006 name=<100.0:0x8006::100.1:SCREEN_CAPTURE> ",0x00001A54
00:21:47.138,3,"","WirelessStack.c",312,"TI_WS_StartService(): added service 0x8006 <100.0:0x8006::100.1:SCREEN_CAPTURE>",0x00001A54
00:21:47.138,3,"","ConnectionHandle.c",268,"TI_NN_CH_ClientConnect: Client Connection: 100.0:0x8006::100.1:SCREEN_CAPTURE",0x00001A54
00:21:47.220,3,"","ConnectionHandle.c",291,"TI_NN_CH_ClientDisconnect: Client Disconnect: 100.0:0x8006::100.1:SCREEN_CAPTURE",0x00001A54
00:21:47.220,3,"","ConnectionHandle.c",823,"TI_NN_CH:sendEClosePacket(): To: 100.1:SCREEN_CAPTURE",0x00001A54
00:21:47.236,3,"","service_manager.c",191,"ns_TI_NS_RemoveService(): port=0x8006, name=100.0:0x8006::100.1:SCREEN_CAPTURE",0x00001A54
00:21:47.236,3,"","WirelessStack.c",350,"TI_WS_RemoveService(): removed service 0x8006 from list",0x00001A54
00:21:47.323,3,"","nodeinfo.c",441,"TI_NN_GetNodeInfo:100.1 Get node information.",0x00001A54
00:21:47.323,3,"","service_manager.c",269,"ns_TI_NS_StartService(): Starting client-side service request: port 0x8007, '100.0:0x8007::100.1:INFO' service.",0x00001A54
00:21:47.323,3,"","WS_Services.c",60,"WS_SV_addServiceToList(): service 0x8007 name=<100.0:0x8007::100.1:INFO> ",0x00001A54
00:21:47.323,3,"","WirelessStack.c",312,"TI_WS_StartService(): added service 0x8007 <100.0:0x8007::100.1:INFO>",0x00001A54
00:21:47.323,3,"","ConnectionHandle.c",268,"TI_NN_CH_ClientConnect: Client Connection: 100.0:0x8007::100.1:INFO",0x00001A54
00:21:47.370,3,"","ConnectionHandle.c",291,"TI_NN_CH_ClientDisconnect: Client Disconnect: 100.0:0x8007::100.1:INFO",0x00001A54
00:21:47.370,3,"","ConnectionHandle.c",823,"TI_NN_CH:sendEClosePacket(): To: 100.1:INFO",0x00001A54
00:21:47.375,3,"","service_manager.c",191,"ns_TI_NS_RemoveService(): port=0x8007, name=100.0:0x8007::100.1:INFO",0x00001A54
00:21:47.375,3,"","WirelessStack.c",350,"TI_WS_RemoveService(): removed service 0x8007 from list",0x00001A54
00:28:12.874,3,"","service_manager.c",269,"ns_TI_NS_StartService(): Starting client-side service request: port 0x8008, '100.0:0x8008::100.1:SCREEN_CAPTURE' service.",0x000024E8
00:28:12.874,3,"","WS_Services.c",60,"WS_SV_addServiceToList(): service 0x8008 name=<100.0:0x8008::100.1:SCREEN_CAPTURE> ",0x000024E8
00:28:12.874,3,"","WirelessStack.c",312,"TI_WS_StartService(): added service 0x8008 <100.0:0x8008::100.1:SCREEN_CAPTURE>",0x000024E8
00:28:12.874,3,"","ConnectionHandle.c",268,"TI_NN_CH_ClientConnect: Client Connection: 100.0:0x8008::100.1:SCREEN_CAPTURE",0x000024E8
00:28:12.994,3,"","ConnectionHandle.c",291,"TI_NN_CH_ClientDisconnect: Client Disconnect: 100.0:0x8008::100.1:SCREEN_CAPTURE",0x000024E8
00:28:12.995,3,"","ConnectionHandle.c",823,"TI_NN_CH:sendEClosePacket(): To: 100.1:SCREEN_CAPTURE",0x000024E8
00:28:13.022,3,"","service_manager.c",191,"ns_TI_NS_RemoveService(): port=0x8008, name=100.0:0x8008::100.1:SCREEN_CAPTURE",0x000024E8
00:28:13.022,3,"","WirelessStack.c",350,"TI_WS_RemoveService(): removed service 0x8008 from list",0x000024E8
00:28:13.126,3,"","nodeinfo.c",441,"TI_NN_GetNodeInfo:100.1 Get node information.",0x000024E8
00:28:13.126,3,"","service_manager.c",269,"ns_TI_NS_StartService(): Starting client-side service request: port 0x8009, '100.0:0x8009::100.1:INFO' service.",0x000024E8
00:28:13.126,3,"","WS_Services.c",60,"WS_SV_addServiceToList(): service 0x8009 name=<100.0:0x8009::100.1:INFO> ",0x000024E8
00:28:13.126,3,"","WirelessStack.c",312,"TI_WS_StartService(): added service 0x8009 <100.0:0x8009::100.1:INFO>",0x000024E8
00:28:13.126,3,"","ConnectionHandle.c",268,"TI_NN_CH_ClientConnect: Client Connection: 100.0:0x8009::100.1:INFO",0x000024E8
00:28:13.296,3,"","ConnectionHandle.c",291,"TI_NN_CH_ClientDisconnect: Client Disconnect: 100.0:0x8009::100.1:INFO",0x000024E8
00:28:13.296,3,"","ConnectionHandle.c",823,"TI_NN_CH:sendEClosePacket(): To: 100.1:INFO",0x000024E8
00:28:13.300,3,"","service_manager.c",191,"ns_TI_NS_RemoveService(): port=0x8009, name=100.0:0x8009::100.1:INFO",0x000024E8
00:28:13.300,3,"","WirelessStack.c",350,"TI_WS_RemoveService(): removed service 0x8009 from list",0x000024E8
00:28:21.524,3,"","service_manager.c",269,"ns_TI_NS_StartService(): Starting client-side service request: port 0x800a, '100.0:0x800a::100.1:SCREEN_CAPTURE' service.",0x000024E8
00:28:21.524,3,"","WS_Services.c",60,"WS_SV_addServiceToList(): service 0x800A name=<100.0:0x800a::100.1:SCREEN_CAPTURE> ",0x000024E8
00:28:21.524,3,"","WirelessStack.c",312,"TI_WS_StartService(): added service 0x800A <100.0:0x800a::100.1:SCREEN_CAPTURE>",0x000024E8
00:28:21.524,3,"","ConnectionHandle.c",268,"TI_NN_CH_ClientConnect: Client Connection: 100.0:0x800a::100.1:SCREEN_CAPTURE",0x000024E8
00:28:21.668,3,"","ConnectionHandle.c",291,"TI_NN_CH_ClientDisconnect: Client Disconnect: 100.0:0x800a::100.1:SCREEN_CAPTURE",0x000024E8
00:28:21.668,3,"","ConnectionHandle.c",823,"TI_NN_CH:sendEClosePacket(): To: 100.1:SCREEN_CAPTURE",0x000024E8
00:28:21.697,3,"","service_manager.c",191,"ns_TI_NS_RemoveService(): port=0x800a, name=100.0:0x800a::100.1:SCREEN_CAPTURE",0x000024E8
00:28:21.697,3,"","WirelessStack.c",350,"TI_WS_RemoveService(): removed service 0x800A from list",0x000024E8
00:28:21.808,3,"","nodeinfo.c",441,"TI_NN_GetNodeInfo:100.1 Get node information.",0x000024E8
00:28:21.808,3,"","service_manager.c",269,"ns_TI_NS_StartService(): Starting client-side service request: port 0x800b, '100.0:0x800b::100.1:INFO' service.",0x000024E8
00:28:21.808,3,"","WS_Services.c",60,"WS_SV_addServiceToList(): service 0x800B name=<100.0:0x800b::100.1:INFO> ",0x000024E8
00:28:21.808,3,"","WirelessStack.c",312,"TI_WS_StartService(): added service 0x800B <100.0:0x800b::100.1:INFO>",0x000024E8
00:28:21.808,3,"","ConnectionHandle.c",268,"TI_NN_CH_ClientConnect: Client Connection: 100.0:0x800b::100.1:INFO",0x000024E8
00:28:21.925,3,"","ConnectionHandle.c",291,"TI_NN_CH_ClientDisconnect: Client Disconnect: 100.0:0x800b::100.1:INFO",0x000024E8
00:28:21.925,3,"","ConnectionHandle.c",823,"TI_NN_CH:sendEClosePacket(): To: 100.1:INFO",0x000024E8
00:28:21.929,3,"","service_manager.c",191,"ns_TI_NS_RemoveService(): port=0x800b, name=100.0:0x800b::100.1:INFO",0x000024E8
00:28:21.929,3,"","WirelessStack.c",350,"TI_WS_RemoveService(): removed service 0x800B from list",0x000024E8
00:28:23.789,3,"","service_manager.c",269,"ns_TI_NS_StartService(): Starting client-side service request: port 0x800c, '100.0:0x800c::100.1:SCREEN_CAPTURE' service.",0x000024E8
00:28:23.789,3,"","WS_Services.c",60,"WS_SV_addServiceToList(): service 0x800C name=<100.0:0x800c::100.1:SCREEN_CAPTURE> ",0x000024E8
00:28:23.789,3,"","WirelessStack.c",312,"TI_WS_StartService(): added service 0x800C <100.0:0x800c::100.1:SCREEN_CAPTURE>",0x000024E8
00:28:23.789,3,"","ConnectionHandle.c",268,"TI_NN_CH_ClientConnect: Client Connection: 100.0:0x800c::100.1:SCREEN_CAPTURE",0x000024E8
00:28:23.956,3,"","ConnectionHandle.c",291,"TI_NN_CH_ClientDisconnect: Client Disconnect: 100.0:0x800c::100.1:SCREEN_CAPTURE",0x000024E8
00:28:23.956,3,"","ConnectionHandle.c",823,"TI_NN_CH:sendEClosePacket(): To: 100.1:SCREEN_CAPTURE",0x000024E8
00:28:23.975,3,"","service_manager.c",191,"ns_TI_NS_RemoveService(): port=0x800c, name=100.0:0x800c::100.1:SCREEN_CAPTURE",0x000024E8
00:28:23.975,3,"","WirelessStack.c",350,"TI_WS_RemoveService(): removed service 0x800C from list",0x000024E8
00:28:24.103,3,"","nodeinfo.c",441,"TI_NN_GetNodeInfo:100.1 Get node information.",0x000024E8
00:28:24.103,3,"","service_manager.c",269,"ns_TI_NS_StartService(): Starting client-side service request: port 0x800d, '100.0:0x800d::100.1:INFO' service.",0x000024E8
00:28:24.103,3,"","WS_Services.c",60,"WS_SV_addServiceToList(): service 0x800D name=<100.0:0x800d::100.1:INFO> ",0x000024E8
00:28:24.103,3,"","WirelessStack.c",312,"TI_WS_StartService(): added service 0x800D <100.0:0x800d::100.1:INFO>",0x000024E8
00:28:24.103,3,"","ConnectionHandle.c",268,"TI_NN_CH_ClientConnect: Client Connection: 100.0:0x800d::100.1:INFO",0x000024E8
00:28:24.196,3,"","ConnectionHandle.c",291,"TI_NN_CH_ClientDisconnect: Client Disconnect: 100.0:0x800d::100.1:INFO",0x000024E8
00:28:24.196,3,"","ConnectionHandle.c",823,"TI_NN_CH:sendEClosePacket(): To: 100.1:INFO",0x000024E8
00:28:24.200,3,"","service_manager.c",191,"ns_TI_NS_RemoveService(): port=0x800d, name=100.0:0x800d::100.1:INFO",0x000024E8
00:28:24.200,3,"","WirelessStack.c",350,"TI_WS_RemoveService(): removed service 0x800D from list",0x000024E8
00:35:42.511,3,"","service_manager.c",269,"ns_TI_NS_StartService(): Starting client-side service request: port 0x800e, '100.0:0x800e::100.1:SCREEN_CAPTURE' service.",0x00004B74
00:35:42.511,3,"","WS_Services.c",60,"WS_SV_addServiceToList(): service 0x800E name=<100.0:0x800e::100.1:SCREEN_CAPTURE> ",0x00004B74
00:35:42.511,3,"","WirelessStack.c",312,"TI_WS_StartService(): added service 0x800E <100.0:0x800e::100.1:SCREEN_CAPTURE>",0x00004B74
00:35:42.511,3,"","ConnectionHandle.c",268,"TI_NN_CH_ClientConnect: Client Connection: 100.0:0x800e::100.1:SCREEN_CAPTURE",0x00004B74
00:35:42.643,3,"","ConnectionHandle.c",291,"TI_NN_CH_ClientDisconnect: Client Disconnect: 100.0:0x800e::100.1:SCREEN_CAPTURE",0x00004B74
00:35:42.643,3,"","ConnectionHandle.c",823,"TI_NN_CH:sendEClosePacket(): To: 100.1:SCREEN_CAPTURE",0x00004B74
00:35:42.669,3,"","service_manager.c",191,"ns_TI_NS_RemoveService(): port=0x800e, name=100.0:0x800e::100.1:SCREEN_CAPTURE",0x00004B74
00:35:42.669,3,"","WirelessStack.c",350,"TI_WS_RemoveService(): removed service 0x800E from list",0x00004B74
00:35:42.749,3,"","nodeinfo.c",441,"TI_NN_GetNodeInfo:100.1 Get node information.",0x00004B74
00:35:42.749,3,"","service_manager.c",269,"ns_TI_NS_StartService(): Starting client-side service request: port 0x800f, '100.0:0x800f::100.1:INFO' service.",0x00004B74
00:35:42.749,3,"","WS_Services.c",60,"WS_SV_addServiceToList(): service 0x800F name=<100.0:0x800f::100.1:INFO> ",0x00004B74
00:35:42.749,3,"","WirelessStack.c",312,"TI_WS_StartService(): added service 0x800F <100.0:0x800f::100.1:INFO>",0x00004B74
00:35:42.749,3,"","ConnectionHandle.c",268,"TI_NN_CH_ClientConnect: Client Connection: 100.0:0x800f::100.1:INFO",0x00004B74
00:35:42.924,3,"","ConnectionHandle.c",291,"TI_NN_CH_ClientDisconnect: Client Disconnect: 100.0:0x800f::100.1:INFO",0x00004B74
00:35:42.924,3,"","ConnectionHandle.c",823,"TI_NN_CH:sendEClosePacket(): To: 100.1:INFO",0x00004B74
00:35:42.934,3,"","service_manager.c",191,"ns_TI_NS_RemoveService(): port=0x800f, name=100.0:0x800f::100.1:INFO",0x00004B74
00:35:42.934,3,"","WirelessStack.c",350,"TI_WS_RemoveService(): removed service 0x800F from list",0x00004B74
00:37:19.916,3,"","NodeHandle.c",448,"TI_NN_NH_UnregisterNotifyCallback: Unregistered NodeHandle Callback.",0x00002AEC
00:37:19.917,3,"","NavnetAPI.c",94,"TI_NN_Shutdown Called.",0x00002AEC
00:37:19.917,3,"","navstack.c",956,"NStack: TI_NS_AppClose called.",0x00002AEC
00:37:19.957,1,"","stream_manager.c",772,"CN_Read: failed: 100.1 (\\?\USB#VID_0451&PID_E012#6&278842ea&0&4#{c5b7f228-caff-42d5-a472-6b9eda7982ec}), stopping receive thread.",0x00000EE4
00:37:19.958,2,"","stream_manager.c",806,"Finishing up REMOTE receive stream queue thread: 100.1;",0x00000EE4
00:37:20.918,3,"","NavStackRouter.c",129,"TI_NS_ShutdownConnectors Called.",0x00002AEC
00:37:20.918,3,"","navstack.c",458,"ns_TI_NS_ShutdownConnectors Called.",0x00002AEC
00:37:20.997,2,"","stream_manager.c",149,"Finishing up xmit hold queue thread: \\?\USB#VID_0451&PID_E012#6&278842ea&0&4#{c5b7f228-caff-42d5-a472-6b9eda7982ec};",0x00004FD0
00:37:21.449,3,"","NavNetService.c",222,"shutdownServices(): Stopping service: LOGIN...",0x00002AEC
00:37:21.449,3,"","service_manager.c",191,"ns_TI_NS_RemoveService(): port=0x4050, name=.NS_SVC.LOGIN",0x00002AEC
00:37:21.449,3,"","WirelessStack.c",350,"TI_WS_RemoveService(): removed service 0x4050 from list",0x00002AEC
00:37:21.449,3,"","NavNetService.c",222,"shutdownServices(): Stopping service: 0x0000...",0x00002AEC
00:37:21.449,3,"","NavNetService.c",281,"TI_NN_SS_isValidServiceNumber(): Invalid Service Number: 0x0000.",0x00002AEC
00:37:21.449,3,"","NavNetService.c",222,"shutdownServices(): Stopping service: 0x0000...",0x00002AEC
00:37:21.449,3,"","NavNetService.c",281,"TI_NN_SS_isValidServiceNumber(): Invalid Service Number: 0x0000.",0x00002AEC
00:37:21.449,3,"","NavNetService.c",222,"shutdownServices(): Stopping service: 0x0000...",0x00002AEC
00:37:21.449,3,"","NavNetService.c",281,"TI_NN_SS_isValidServiceNumber(): Invalid Service Number: 0x0000.",0x00002AEC
00:37:21.449,3,"","NavNetService.c",222,"shutdownServices(): Stopping service: 0x0000...",0x00002AEC
00:37:21.449,3,"","NavNetService.c",281,"TI_NN_SS_isValidServiceNumber(): Invalid Service Number: 0x0000.",0x00002AEC
00:37:21.449,3,"","NavNetService.c",222,"shutdownServices(): Stopping service: 0x0000...",0x00002AEC
00:37:21.449,3,"","NavNetService.c",281,"TI_NN_SS_isValidServiceNumber(): Invalid Service Number: 0x0000.",0x00002AEC
00:37:21.449,3,"","NavNetService.c",222,"shutdownServices(): Stopping service: 0x0000...",0x00002AEC
00:37:21.449,3,"","NavNetService.c",281,"TI_NN_SS_isValidServiceNumber(): Invalid Service Number: 0x0000.",0x00002AEC
00:37:21.449,3,"","NavNetService.c",222,"shutdownServices(): Stopping service: 0x0000...",0x00002AEC
00:37:21.449,3,"","NavNetService.c",281,"TI_NN_SS_isValidServiceNumber(): Invalid Service Number: 0x0000.",0x00002AEC
00:37:21.449,3,"","NavNetService.c",222,"shutdownServices(): Stopping service: 0x0000...",0x00002AEC
00:37:21.449,3,"","NavNetService.c",281,"TI_NN_SS_isValidServiceNumber(): Invalid Service Number: 0x0000.",0x00002AEC
00:37:21.449,3,"","NavNetService.c",222,"shutdownServices(): Stopping service: 0x0000...",0x00002AEC
00:37:21.449,3,"","NavNetService.c",281,"TI_NN_SS_isValidServiceNumber(): Invalid Service Number: 0x0000.",0x00002AEC
00:37:21.449,3,"","NavNetService.c",222,"shutdownServices(): Stopping service: 0x0000...",0x00002AEC
00:37:21.449,3,"","NavNetService.c",281,"TI_NN_SS_isValidServiceNumber(): Invalid Service Number: 0x0000.",0x00002AEC
00:37:21.449,3,"","NavNetService.c",222,"shutdownServices(): Stopping service: 0x0000...",0x00002AEC
00:37:21.449,3,"","NavNetService.c",281,"TI_NN_SS_isValidServiceNumber(): Invalid Service Number: 0x0000.",0x00002AEC
00:37:21.449,3,"","NavNetService.c",222,"shutdownServices(): Stopping service: 0x0000...",0x00002AEC
00:37:21.449,3,"","NavNetService.c",281,"TI_NN_SS_isValidServiceNumber(): Invalid Service Number: 0x0000.",0x00002AEC
00:37:21.449,3,"","NavNetService.c",222,"shutdownServices(): Stopping service: 0x0000...",0x00002AEC
00:37:21.449,3,"","NavNetService.c",281,"TI_NN_SS_isValidServiceNumber(): Invalid Service Number: 0x0000.",0x00002AEC
00:37:21.449,3,"","NavNetService.c",222,"shutdownServices(): Stopping service: 0x0000...",0x00002AEC
00:37:21.449,3,"","NavNetService.c",281,"TI_NN_SS_isValidServiceNumber(): Invalid Service Number: 0x0000.",0x00002AEC
00:37:21.449,3,"","NavNetService.c",222,"shutdownServices(): Stopping service: 0x0000...",0x00002AEC
00:37:21.449,3,"","NavNetService.c",281,"TI_NN_SS_isValidServiceNumber(): Invalid Service Number: 0x0000.",0x00002AEC
00:37:21.449,3,"","NavNetService.c",222,"shutdownServices(): Stopping service: 0x0000...",0x00002AEC
00:37:21.449,3,"","NavNetService.c",281,"TI_NN_SS_isValidServiceNumber(): Invalid Service Number: 0x0000.",0x00002AEC
00:37:21.449,3,"","NavNetService.c",222,"shutdownServices(): Stopping service: 0x0000...",0x00002AEC
00:37:21.449,3,"","NavNetService.c",281,"TI_NN_SS_isValidServiceNumber(): Invalid Service Number: 0x0000.",0x00002AEC
00:37:21.449,3,"","NavNetService.c",222,"shutdownServices(): Stopping service: 0x0000...",0x00002AEC
00:37:21.449,3,"","NavNetService.c",281,"TI_NN_SS_isValidServiceNumber(): Invalid Service Number: 0x0000.",0x00002AEC
00:37:21.449,3,"","NavNetService.c",222,"shutdownServices(): Stopping service: 0x0000...",0x00002AEC
00:37:21.449,3,"","NavNetService.c",281,"TI_NN_SS_isValidServiceNumber(): Invalid Service Number: 0x0000.",0x00002AEC
00:37:21.449,3,"","NavNetService.c",222,"shutdownServices(): Stopping service: 0x0000...",0x00002AEC
00:37:21.449,3,"","NavNetService.c",281,"TI_NN_SS_isValidServiceNumber(): Invalid Service Number: 0x0000.",0x00002AEC
00:37:21.449,3,"","NavNetService.c",222,"shutdownServices(): Stopping service: 0x0000...",0x00002AEC
00:37:21.449,3,"","NavNetService.c",281,"TI_NN_SS_isValidServiceNumber(): Invalid Service Number: 0x0000.",0x00002AEC
00:37:21.450,3,"","NavNetService.c",222,"shutdownServices(): Stopping service: 0x0000...",0x00002AEC
00:37:21.450,3,"","NavNetService.c",281,"TI_NN_SS_isValidServiceNumber(): Invalid Service Number: 0x0000.",0x00002AEC
00:37:21.450,3,"","NavNetService.c",222,"shutdownServices(): Stopping service: 0x0000...",0x00002AEC
00:37:21.450,3,"","NavNetService.c",281,"TI_NN_SS_isValidServiceNumber(): Invalid Service Number: 0x0000.",0x00002AEC
00:37:21.450,3,"","NavNetService.c",264,"TI_NN_SS_Destroy(): Destroyed All Services.",0x00002AEC
00:37:21.450,3,"","connection_manager.c",2004,"CM: UnregisterNotifyCallback called.",0x00002AEC
00:37:21.450,3,"","NodeHandle.c",96,"TI_NN_NH_Destroy: Unregistered NS Callback.",0x00002AEC
00:37:21.450,3,"","NodeHandle.c",107,"TI_NN_NH_Destroy: Destroyed.",0x00002AEC
00:37:21.450,3,"","NavStackRouter.c",96,"TI_NS_shutdownNavstack Called.",0x00002AEC
00:37:21.450,3,"","navstack.c",480,"ns_TI_NS_shutdownNavstack Called.",0x00002AEC
00:37:21.450,3,"","NavStackRouter.c",129,"TI_NS_ShutdownConnectors Called.",0x00002AEC
00:37:21.450,3,"","navstack.c",458,"ns_TI_NS_ShutdownConnectors Called.",0x00002AEC
00:37:21.450,2,"","stream_manager.c",398,"TI_NS_fail_all_io: Cancelling all pending IO for stream: 100.1",0x00002AEC
00:37:21.450,2,"","stream_manager.c",416,"TI_NS_fail_all_io: Cancelled all pending IO for stream: 100.1",0x00002AEC
00:37:21.450,2,"","connection_manager.c",1133,"CM: Waiting for recv and xmit hold threads to complete for outgoing node: \\?\USB#VID_0451&PID_E012#6&278842ea&0&4#{c5b7f228-caff-42d5-a472-6b9eda7982ec}",0x00002AEC
00:37:21.450,2,"","connection_manager.c",1151,"CM: remove_remote_conn: Recv and xmit hold threads joined for node: \\?\USB#VID_0451&PID_E012#6&278842ea&0&4#{c5b7f228-caff-42d5-a472-6b9eda7982ec}",0x00002AEC
00:37:21.451,2,"","connection_manager.c",767,"CM: Removed queues and threads for node: (0x1a04b830)",0x00002AEC
00:37:21.451,2,"","connection_manager.c",1160,"CM: Removed remote connection for node (\\?\USB#VID_0451&PID_E012#6&278842ea&0&4#{c5b7f228-caff-42d5-a472-6b9eda7982ec})",0x00002AEC
00:37:21.451,2,"","stream_manager.c",530,"Finishing up LOCAL receive deferred queue thread: 100.0;",0x000050CC
00:37:21.451,2,"","connection_manager.c",767,"CM: Removed queues and threads for node: (0x1a0409e0)",0x00002AEC
00:37:21.451,2,"","connection_manager.c",398,"CM: shutdown_conn_mgr: completed",0x00002AEC
00:37:21.451,3,"","NavnetAPI.c",106,"TI_NN_Shutdown Ended.",0x00002AEC
